mode: set
github.com/nullism/bqb/query.go:24.43,28.2 3 1
github.com/nullism/bqb/query.go:31.17,33.2 1 1
github.com/nullism/bqb/query.go:37.37,41.2 1 1
github.com/nullism/bqb/query.go:44.54,45.14 1 1
github.com/nullism/bqb/query.go:45.14,47.3 1 1
github.com/nullism/bqb/query.go:48.2,48.39 1 1
github.com/nullism/bqb/query.go:52.56,53.14 1 1
github.com/nullism/bqb/query.go:53.14,55.3 1 1
github.com/nullism/bqb/query.go:56.2,56.35 1 1
github.com/nullism/bqb/query.go:61.57,62.14 1 1
github.com/nullism/bqb/query.go:62.14,64.3 1 1
github.com/nullism/bqb/query.go:65.2,65.34 1 1
github.com/nullism/bqb/query.go:69.30,70.14 1 1
github.com/nullism/bqb/query.go:70.14,72.3 1 1
github.com/nullism/bqb/query.go:73.2,73.21 1 1
github.com/nullism/bqb/query.go:77.60,78.14 1 1
github.com/nullism/bqb/query.go:78.14,80.3 1 1
github.com/nullism/bqb/query.go:81.2,81.22 1 1
github.com/nullism/bqb/query.go:81.22,83.3 1 1
github.com/nullism/bqb/query.go:83.8,85.3 1 1
github.com/nullism/bqb/query.go:87.2,87.10 1 1
github.com/nullism/bqb/query.go:91.27,92.14 1 1
github.com/nullism/bqb/query.go:92.14,94.3 1 1
github.com/nullism/bqb/query.go:95.2,95.21 1 1
github.com/nullism/bqb/query.go:99.53,100.14 1 1
github.com/nullism/bqb/query.go:100.14,102.3 1 1
github.com/nullism/bqb/query.go:103.2,103.38 1 1
github.com/nullism/bqb/query.go:107.25,112.2 4 1
github.com/nullism/bqb/query.go:115.56,116.14 1 1
github.com/nullism/bqb/query.go:116.14,118.3 1 1
github.com/nullism/bqb/query.go:119.2,119.35 1 1
github.com/nullism/bqb/query.go:123.50,125.16 2 1
github.com/nullism/bqb/query.go:125.16,127.3 1 1
github.com/nullism/bqb/query.go:128.2,129.25 2 1
github.com/nullism/bqb/query.go:133.50,135.16 2 1
github.com/nullism/bqb/query.go:135.16,137.3 1 1
github.com/nullism/bqb/query.go:138.2,139.25 2 1
github.com/nullism/bqb/query.go:144.41,146.16 2 1
github.com/nullism/bqb/query.go:146.16,148.3 1 1
github.com/nullism/bqb/query.go:150.2,151.17 2 1
github.com/nullism/bqb/query.go:156.48,158.16 2 1
github.com/nullism/bqb/query.go:158.16,160.3 1 1
github.com/nullism/bqb/query.go:161.2,162.25 2 1
github.com/nullism/bqb/query.go:165.48,166.14 1 1
github.com/nullism/bqb/query.go:166.14,168.3 1 1
github.com/nullism/bqb/query.go:169.2,172.48 3 1
github.com/nullism/bqb/query.go:172.48,174.3 1 1
github.com/nullism/bqb/query.go:176.2,176.28 1 1
github.com/nullism/bqb/query.go:176.28,180.23 3 1
github.com/nullism/bqb/query.go:180.23,182.4 1 1
github.com/nullism/bqb/query.go:185.2,185.44 1 1
github.com/nullism/bqb/utils.go:11.80,18.17 2 1
github.com/nullism/bqb/utils.go:19.11,20.32 1 1
github.com/nullism/bqb/utils.go:20.32,22.18 2 1
github.com/nullism/bqb/utils.go:22.18,24.5 1 1
github.com/nullism/bqb/utils.go:25.4,25.45 1 1
github.com/nullism/bqb/utils.go:27.3,27.18 1 1
github.com/nullism/bqb/utils.go:28.18,29.61 1 1
github.com/nullism/bqb/utils.go:30.13,34.25 4 1
github.com/nullism/bqb/utils.go:34.25,36.4 1 1
github.com/nullism/bqb/utils.go:37.3,38.31 2 1
github.com/nullism/bqb/utils.go:39.10,41.18 1 1
github.com/nullism/bqb/utils.go:45.64,49.25 3 1
github.com/nullism/bqb/utils.go:51.16,52.53 1 1
github.com/nullism/bqb/utils.go:54.21,57.17 3 1
github.com/nullism/bqb/utils.go:57.17,59.4 1 1
github.com/nullism/bqb/utils.go:59.9,61.4 1 1
github.com/nullism/bqb/utils.go:62.13,64.23 2 1
github.com/nullism/bqb/utils.go:64.23,67.4 2 1
github.com/nullism/bqb/utils.go:68.3,68.65 1 1
github.com/nullism/bqb/utils.go:70.14,72.23 2 1
github.com/nullism/bqb/utils.go:72.23,75.4 2 1
github.com/nullism/bqb/utils.go:76.3,76.21 1 1
github.com/nullism/bqb/utils.go:76.21,78.4 1 1
github.com/nullism/bqb/utils.go:78.9,81.4 2 1
github.com/nullism/bqb/utils.go:83.16,85.23 2 1
github.com/nullism/bqb/utils.go:85.23,88.4 2 1
github.com/nullism/bqb/utils.go:89.3,89.65 1 1
github.com/nullism/bqb/utils.go:91.17,93.23 2 1
github.com/nullism/bqb/utils.go:93.23,96.4 2 1
github.com/nullism/bqb/utils.go:97.3,97.21 1 1
github.com/nullism/bqb/utils.go:97.21,99.4 1 1
github.com/nullism/bqb/utils.go:99.9,102.4 2 1
github.com/nullism/bqb/utils.go:104.13,106.23 2 1
github.com/nullism/bqb/utils.go:106.23,109.4 2 1
github.com/nullism/bqb/utils.go:110.3,110.65 1 1
github.com/nullism/bqb/utils.go:112.14,113.15 1 1
github.com/nullism/bqb/utils.go:113.15,117.4 3 1
github.com/nullism/bqb/utils.go:118.3,120.17 3 1
github.com/nullism/bqb/utils.go:120.17,122.4 1 1
github.com/nullism/bqb/utils.go:122.9,124.4 1 1
github.com/nullism/bqb/utils.go:126.25,129.17 3 1
github.com/nullism/bqb/utils.go:129.17,131.4 1 1
github.com/nullism/bqb/utils.go:131.9,133.4 1 1
github.com/nullism/bqb/utils.go:135.27,138.17 3 1
github.com/nullism/bqb/utils.go:138.17,140.4 1 1
github.com/nullism/bqb/utils.go:140.9,142.4 1 1
github.com/nullism/bqb/utils.go:144.16,145.50 1 1
github.com/nullism/bqb/utils.go:147.10,149.31 2 1
github.com/nullism/bqb/utils.go:152.2,152.28 1 1
github.com/nullism/bqb/utils.go:155.64,157.20 2 1
github.com/nullism/bqb/utils.go:157.20,159.3 1 1
github.com/nullism/bqb/utils.go:161.2,162.28 2 1
github.com/nullism/bqb/utils.go:162.28,164.3 1 1
github.com/nullism/bqb/utils.go:165.2,165.12 1 1
github.com/nullism/bqb/utils.go:168.51,176.27 6 1
github.com/nullism/bqb/utils.go:176.27,178.23 2 1
github.com/nullism/bqb/utils.go:178.23,180.4 1 1
github.com/nullism/bqb/utils.go:181.3,182.51 2 1
github.com/nullism/bqb/utils.go:185.2,185.70 1 1
github.com/nullism/bqb/utils.go:185.70,187.3 1 1
github.com/nullism/bqb/utils.go:189.2,195.3 2 1
github.com/nullism/bqb/utils.go:198.44,199.27 1 1
github.com/nullism/bqb/utils.go:200.12,201.35 1 1
github.com/nullism/bqb/utils.go:203.33,204.35 1 1
github.com/nullism/bqb/utils.go:205.12,206.15 1 1
github.com/nullism/bqb/utils.go:206.15,208.4 1 1
github.com/nullism/bqb/utils.go:209.3,209.36 1 1
github.com/nullism/bqb/utils.go:210.14,211.37 1 1
github.com/nullism/bqb/utils.go:212.15,213.15 1 1
github.com/nullism/bqb/utils.go:213.15,215.4 1 1
github.com/nullism/bqb/utils.go:216.3,216.38 1 1
github.com/nullism/bqb/utils.go:217.11,218.21 1 1
github.com/nullism/bqb/utils.go:219.10,220.65 1 1
