mode: set
github.com/nullism/bqb/query.go:24.51,28.2 3 1
github.com/nullism/bqb/query.go:31.17,33.2 1 1
github.com/nullism/bqb/query.go:37.37,41.2 1 1
github.com/nullism/bqb/query.go:44.62,45.14 1 1
github.com/nullism/bqb/query.go:45.14,47.3 1 1
github.com/nullism/bqb/query.go:48.2,48.39 1 1
github.com/nullism/bqb/query.go:52.64,53.14 1 1
github.com/nullism/bqb/query.go:53.14,55.3 1 1
github.com/nullism/bqb/query.go:56.2,56.35 1 1
github.com/nullism/bqb/query.go:61.65,62.14 1 1
github.com/nullism/bqb/query.go:62.14,64.3 1 1
github.com/nullism/bqb/query.go:65.2,65.34 1 1
github.com/nullism/bqb/query.go:69.68,70.14 1 1
github.com/nullism/bqb/query.go:70.14,72.3 1 1
github.com/nullism/bqb/query.go:73.2,73.22 1 1
github.com/nullism/bqb/query.go:73.22,75.3 1 1
github.com/nullism/bqb/query.go:75.8,77.3 1 1
github.com/nullism/bqb/query.go:79.2,79.10 1 1
github.com/nullism/bqb/query.go:83.27,84.14 1 1
github.com/nullism/bqb/query.go:84.14,86.3 1 1
github.com/nullism/bqb/query.go:87.2,87.21 1 1
github.com/nullism/bqb/query.go:91.61,92.14 1 1
github.com/nullism/bqb/query.go:92.14,94.3 1 1
github.com/nullism/bqb/query.go:95.2,95.38 1 1
github.com/nullism/bqb/query.go:99.25,104.2 4 1
github.com/nullism/bqb/query.go:107.64,108.14 1 1
github.com/nullism/bqb/query.go:108.14,110.3 1 1
github.com/nullism/bqb/query.go:111.2,111.35 1 1
github.com/nullism/bqb/query.go:115.58,117.16 2 1
github.com/nullism/bqb/query.go:117.16,119.3 1 1
github.com/nullism/bqb/query.go:120.2,121.25 2 1
github.com/nullism/bqb/query.go:125.58,127.16 2 1
github.com/nullism/bqb/query.go:127.16,129.3 1 1
github.com/nullism/bqb/query.go:130.2,131.25 2 1
github.com/nullism/bqb/query.go:136.41,138.16 2 1
github.com/nullism/bqb/query.go:138.16,140.3 1 1
github.com/nullism/bqb/query.go:142.2,143.17 2 1
github.com/nullism/bqb/query.go:148.56,150.16 2 1
github.com/nullism/bqb/query.go:150.16,152.3 1 1
github.com/nullism/bqb/query.go:153.2,154.25 2 1
github.com/nullism/bqb/query.go:157.56,158.14 1 1
github.com/nullism/bqb/query.go:158.14,160.3 1 1
github.com/nullism/bqb/query.go:161.2,164.48 3 1
github.com/nullism/bqb/query.go:164.48,166.3 1 1
github.com/nullism/bqb/query.go:168.2,168.28 1 1
github.com/nullism/bqb/query.go:168.28,172.23 3 1
github.com/nullism/bqb/query.go:172.23,174.4 1 1
github.com/nullism/bqb/query.go:177.2,177.44 1 1
github.com/nullism/bqb/utils.go:10.88,11.40 1 1
github.com/nullism/bqb/utils.go:11.40,13.3 1 1
github.com/nullism/bqb/utils.go:14.2,14.31 1 1
github.com/nullism/bqb/utils.go:14.31,15.21 1 1
github.com/nullism/bqb/utils.go:15.21,17.18 2 1
github.com/nullism/bqb/utils.go:17.18,19.5 1 1
github.com/nullism/bqb/utils.go:20.4,20.45 1 1
github.com/nullism/bqb/utils.go:21.9,21.30 1 1
github.com/nullism/bqb/utils.go:21.30,24.4 2 1
github.com/nullism/bqb/utils.go:26.2,26.17 1 1
github.com/nullism/bqb/utils.go:29.59,37.27 6 1
github.com/nullism/bqb/utils.go:37.27,38.26 1 1
github.com/nullism/bqb/utils.go:40.17,41.54 1 1
github.com/nullism/bqb/utils.go:43.22,46.18 3 1
github.com/nullism/bqb/utils.go:46.18,48.5 1 1
github.com/nullism/bqb/utils.go:48.10,50.5 1 1
github.com/nullism/bqb/utils.go:51.14,53.24 2 1
github.com/nullism/bqb/utils.go:53.24,56.5 2 1
github.com/nullism/bqb/utils.go:57.4,57.66 1 1
github.com/nullism/bqb/utils.go:59.15,61.24 2 1
github.com/nullism/bqb/utils.go:61.24,64.5 2 1
github.com/nullism/bqb/utils.go:65.4,65.22 1 1
github.com/nullism/bqb/utils.go:65.22,67.5 1 1
github.com/nullism/bqb/utils.go:67.10,70.5 2 1
github.com/nullism/bqb/utils.go:72.17,74.24 2 1
github.com/nullism/bqb/utils.go:74.24,77.5 2 1
github.com/nullism/bqb/utils.go:78.4,78.66 1 1
github.com/nullism/bqb/utils.go:80.18,82.24 2 1
github.com/nullism/bqb/utils.go:82.24,85.5 2 1
github.com/nullism/bqb/utils.go:86.4,86.22 1 1
github.com/nullism/bqb/utils.go:86.22,88.5 1 1
github.com/nullism/bqb/utils.go:88.10,91.5 2 1
github.com/nullism/bqb/utils.go:93.22,95.24 2 1
github.com/nullism/bqb/utils.go:95.24,98.5 2 1
github.com/nullism/bqb/utils.go:99.4,99.66 1 1
github.com/nullism/bqb/utils.go:101.15,102.16 1 1
github.com/nullism/bqb/utils.go:102.16,105.13 3 1
github.com/nullism/bqb/utils.go:107.4,109.40 3 1
github.com/nullism/bqb/utils.go:111.26,113.18 2 1
github.com/nullism/bqb/utils.go:113.18,114.55 1 1
github.com/nullism/bqb/utils.go:116.4,117.44 2 1
github.com/nullism/bqb/utils.go:119.28,121.18 2 1
github.com/nullism/bqb/utils.go:121.18,122.55 1 1
github.com/nullism/bqb/utils.go:124.4,125.44 2 1
github.com/nullism/bqb/utils.go:127.11,129.32 2 1
github.com/nullism/bqb/utils.go:132.2,133.20 2 1
github.com/nullism/bqb/utils.go:133.20,134.82 1 1
github.com/nullism/bqb/utils.go:137.2,138.31 2 1
github.com/nullism/bqb/utils.go:138.31,139.84 1 1
github.com/nullism/bqb/utils.go:142.2,148.3 2 1
github.com/nullism/bqb/utils.go:151.52,152.27 1 1
github.com/nullism/bqb/utils.go:153.12,154.35 1 1
github.com/nullism/bqb/utils.go:156.33,157.35 1 1
github.com/nullism/bqb/utils.go:158.12,159.15 1 1
github.com/nullism/bqb/utils.go:159.15,161.4 1 1
github.com/nullism/bqb/utils.go:162.3,162.36 1 1
github.com/nullism/bqb/utils.go:163.14,164.37 1 1
github.com/nullism/bqb/utils.go:165.15,166.15 1 1
github.com/nullism/bqb/utils.go:166.15,168.4 1 1
github.com/nullism/bqb/utils.go:169.3,169.38 1 1
github.com/nullism/bqb/utils.go:170.11,171.21 1 1
github.com/nullism/bqb/utils.go:172.10,173.65 1 1
